[34m[1mwandb[0m: wandb.init() called while a run is active and reinit is set to 'default', so returning the previous run.
/Users/eating/Library/Python/3.9/lib/python/site-packages/gymnasium/envs/registration.py:519: DeprecationWarning: [33mWARN: The environment HalfCheetah-v4 is out of date. You should consider upgrading to version `v5`.[0m
  logger.deprecation(
Traceback (most recent call last):
  File "/Users/eating/Library/Python/3.9/lib/python/site-packages/gymnasium/envs/mujoco/mujoco_env.py", line 13, in <module>
    import mujoco
ModuleNotFoundError: No module named 'mujoco'

The above exception was the direct cause of the following exception:

Traceback (most recent call last):
  File "/Users/eating/Documents/sac/ppo/ppo.py", line 381, in <module>
    main()
  File "/Users/eating/Documents/sac/ppo/ppo.py", line 374, in main
    env = gym.make('HalfCheetah-v4')
  File "/Users/eating/Library/Python/3.9/lib/python/site-packages/gymnasium/envs/registration.py", line 704, in make
    env_creator = load_env_creator(env_spec.entry_point)
  File "/Users/eating/Library/Python/3.9/lib/python/site-packages/gymnasium/envs/registration.py", line 551, in load_env_creator
    mod = importlib.import_module(mod_name)
  File "/Library/Developer/CommandLineTools/Library/Frameworks/Python3.framework/Versions/3.9/lib/python3.9/importlib/__init__.py", line 127, in import_module
    return _bootstrap._gcd_import(name[level:], package, level)
  File "<frozen importlib._bootstrap>", line 1030, in _gcd_import
  File "<frozen importlib._bootstrap>", line 1007, in _find_and_load
  File "<frozen importlib._bootstrap>", line 972, in _find_and_load_unlocked
  File "<frozen importlib._bootstrap>", line 228, in _call_with_frames_removed
  File "<frozen importlib._bootstrap>", line 1030, in _gcd_import
  File "<frozen importlib._bootstrap>", line 1007, in _find_and_load
  File "<frozen importlib._bootstrap>", line 986, in _find_and_load_unlocked
  File "<frozen importlib._bootstrap>", line 680, in _load_unlocked
  File "<frozen importlib._bootstrap_external>", line 850, in exec_module
  File "<frozen importlib._bootstrap>", line 228, in _call_with_frames_removed
  File "/Users/eating/Library/Python/3.9/lib/python/site-packages/gymnasium/envs/mujoco/__init__.py", line 1, in <module>
    from gymnasium.envs.mujoco.mujoco_env import MujocoEnv
  File "/Users/eating/Library/Python/3.9/lib/python/site-packages/gymnasium/envs/mujoco/mujoco_env.py", line 15, in <module>
    raise error.DependencyNotInstalled(
gymnasium.error.DependencyNotInstalled: MuJoCo is not installed, run `pip install "gymnasium[mujoco]"`
